0 info it worked if it ends with ok
1 verbose cli [ 'C:\\Program Files\\nodejs\\node.exe',
1 verbose cli   'C:\\Program Files\\nodejs\\node_modules\\npm\\bin\\npm-cli.js',
1 verbose cli   'run',
1 verbose cli   'build:prod' ]
2 info using npm@4.1.2
3 info using node@v7.5.0
4 verbose run-script [ 'prebuild:prod', 'build:prod', 'postbuild:prod' ]
5 info lifecycle angular@1.0.0~prebuild:prod: angular@1.0.0
6 silly lifecycle angular@1.0.0~prebuild:prod: no script for prebuild:prod, continuing
7 info lifecycle angular@1.0.0~build:prod: angular@1.0.0
8 verbose lifecycle angular@1.0.0~build:prod: unsafe-perm in lifecycle true
9 verbose lifecycle angular@1.0.0~build:prod: PATH: C:\Program Files\nodejs\node_modules\npm\bin\node-gyp-bin;D:\Files\Diplom\SED-master\SED-master\Frontend\Core\node_modules\.bin;C:\Users\arthu\bin;D:\Program_files\Git\mingw64\bin;D:\Program_files\Git\usr\local\bin;D:\Program_files\Git\usr\bin;D:\Program_files\Git\usr\bin;D:\Program_files\Git\mingw64\bin;D:\Program_files\Git\usr\bin;C:\Users\arthu\bin;C:\Python27;C:\Python27\Scripts;C:\Program Files (x86)\Common Files\Oracle\Java\javapath;C:\Windows\system32;C:\Windows;C:\Windows\System32\Wbem;C:\Windows\System32\WindowsPowerShell\v1.0;C:\Windows\System32\OpenSSH;D:\Program_files\Git\cmd;D:\Program_files\PostgreSQL\12\bin;D:\Program_files\JDK\bin;D:\Program_files\ffmpeg\bin;C:\ProgramData\chocolatey\bin;C:\Program Files\nodejs;C:\Program Files\MySQL\MySQL Shell 8.0\bin;D:\Program_files\Anaconda;D:\Program_files\Anaconda\Scripts;D:\Program_files\Anaconda\Library\bin;C:\Users\arthu\AppData\Local\Microsoft\WindowsApps;D:\Program_files\Microsoft VS Code\bin;D:\Program_files\IntelliJ IDEA Community Edition 2019.1.3\bin;C:\Users\arthu\AppData\Roaming\npm;D:\Program_files\Git\usr\bin\vendor_perl;D:\Program_files\Git\usr\bin\core_perl
10 verbose lifecycle angular@1.0.0~build:prod: CWD: D:\Files\Diplom\SED-master\SED-master\Frontend\Core
11 silly lifecycle angular@1.0.0~build:prod: Args: [ '/d /s /c', 'npm run ngc && webpack --env=prod' ]
12 silly lifecycle angular@1.0.0~build:prod: Returned: code: 2  signal: null
13 info lifecycle angular@1.0.0~build:prod: Failed to exec build:prod script
14 verbose stack Error: angular@1.0.0 build:prod: `npm run ngc && webpack --env=prod`
14 verbose stack Exit status 2
14 verbose stack     at EventEmitter.<anonymous> (C:\Program Files\nodejs\node_modules\npm\lib\utils\lifecycle.js:279:16)
14 verbose stack     at emitTwo (events.js:106:13)
14 verbose stack     at EventEmitter.emit (events.js:192:7)
14 verbose stack     at ChildProcess.<anonymous> (C:\Program Files\nodejs\node_modules\npm\lib\utils\spawn.js:40:14)
14 verbose stack     at emitTwo (events.js:106:13)
14 verbose stack     at ChildProcess.emit (events.js:192:7)
14 verbose stack     at maybeClose (internal/child_process.js:890:16)
14 verbose stack     at Process.ChildProcess._handle.onexit (internal/child_process.js:226:5)
15 verbose pkgid angular@1.0.0
16 verbose cwd D:\Files\Diplom\SED-master\SED-master\Frontend\Core
17 error Windows_NT 10.0.18362
18 error argv "C:\\Program Files\\nodejs\\node.exe" "C:\\Program Files\\nodejs\\node_modules\\npm\\bin\\npm-cli.js" "run" "build:prod"
19 error node v7.5.0
20 error npm  v4.1.2
21 error code ELIFECYCLE
22 error angular@1.0.0 build:prod: `npm run ngc && webpack --env=prod`
22 error Exit status 2
23 error Failed at the angular@1.0.0 build:prod script 'npm run ngc && webpack --env=prod'.
23 error Make sure you have the latest version of node.js and npm installed.
23 error If you do, this is most likely a problem with the angular package,
23 error not with npm itself.
23 error Tell the author that this fails on your system:
23 error     npm run ngc && webpack --env=prod
23 error You can get information on how to open an issue for this project with:
23 error     npm bugs angular
23 error Or if that isn't available, you can get their info via:
23 error     npm owner ls angular
23 error There is likely additional logging output above.
24 verbose exit [ 1, true ]
